# Binding energy analysis (xtb/gxtb) with population filtering
# Input XYZ : crest_conformers_GFN2.xyz
# Engine    : gfn2
# n_conf    : 2
# n_sub     : 218
# sub_sel   : 682:
# q_sub     : -7
# q_prot    : 3
# q_tot     : -4
# Temperature (K): 298.15
# Etot_unit from comments: Eh
# Population threshold (fraction): 1.00e-06
# Energies in Eh and kJ/mol; populations from Etot(comment)
# Conformers with pop < threshold are skipped for Eprot/Esub/Ebind.
#
 idx  Etot_raw        Etot_unit  Etot_rel(kJ/mol)  Eprot(Eh)          Esub(Eh)           Ebind(kJ/mol)   Pop
------------------------------------------------------------------------------------------------------------
   1  -1374.9837492968       Eh         0.000  -970.7410426878  -404.1498712988      -243.739   1.0000e+00
   2  -1374.9417613967       Eh       110.239      NA             NA              NA        4.8632e-20

# Boltzmann-weighted average binding energy (over conformers with pop >= 1.00e-06): -243.739 kJ/mol
# Effective sum of populations used: 1.000000
# E_bind = Etot(comment) - (Eprot + Esub), all at frozen complex geometries.
